<?xml version="1.0" encoding="UTF-8"?>
<robot generator="Robot 5.0.dev1 (Python 3.7.0 on win32)" generated="20220401 22:01:30.949" rpa="false" schemaversion="2">
<suite id="s1" name="Atests" source="E:\robotframework-seleniumhelper\atests">
<suite id="s1-s1" name="Test" source="E:\robotframework-seleniumhelper\atests\test.robot">
<test id="s1-s1-t1" name="Google Accessibility Test">
<kw name="Open Browser" library="SeleniumLibrary">
<arg>https://www.google.com/</arg>
<arg>Chrome</arg>
<doc>Opens a new browser instance to the given ``url``.</doc>
<msg timestamp="20220401 22:01:31.346" level="INFO">Opening browser 'Chrome' to base url 'https://www.google.com/'.</msg>
<kw name="Capture Page Screenshot" library="SeleniumLibrary">
<doc>Takes a screenshot of the current page and embeds it into a log file.</doc>
<status status="FAIL" starttime="20220401 22:01:32.390" endtime="20220401 22:01:32.391"/>
</kw>
<msg timestamp="20220401 22:01:32.392" level="WARN">Keyword 'Capture Page Screenshot' could not be run on failure: Execution terminated by signal</msg>
<status status="FAIL" starttime="20220401 22:01:31.345" endtime="20220401 22:01:32.396"/>
</kw>
<kw name="Input Text Into Textbox With Retry" library="SeleniumHelperLibrary">
<arg>name:q1</arg>
<arg>text</arg>
<doc>Input text into ``locator`` textbox using retry</doc>
<status status="NOT RUN" starttime="20220401 22:01:32.399" endtime="20220401 22:01:32.400"/>
</kw>
<kw name="Input Text Into Textbox" library="SeleniumHelperLibrary">
<arg>name:q</arg>
<arg>text</arg>
<doc>Input text into ``locator`` textbox</doc>
<status status="NOT RUN" starttime="20220401 22:01:32.403" endtime="20220401 22:01:32.404"/>
</kw>
<kw name="Input Text Into Textbox If Exist" library="SeleniumHelperLibrary">
<arg>name:q</arg>
<arg>Exist</arg>
<doc>Input text into ``locator`` textbox if ``locator`` present in webpage.
 - First it fetch ``WebElement`` count
 - verifies if __count__ greater than zero
 - if count &gt; 0 performs actions</doc>
<status status="NOT RUN" starttime="20220401 22:01:32.406" endtime="20220401 22:01:32.407"/>
</kw>
<kw name="Click On WebElement" library="SeleniumHelperLibrary">
<arg>xpath://a[text()='Gmail']</arg>
<doc>Perform ``click`` action on ``WebElement``</doc>
<status status="NOT RUN" starttime="20220401 22:01:32.408" endtime="20220401 22:01:32.408"/>
</kw>
<kw name="Close All Browsers" library="SeleniumLibrary" type="TEARDOWN">
<doc>Closes all open browsers and resets the browser cache.</doc>
<status status="PASS" starttime="20220401 22:01:32.410" endtime="20220401 22:01:32.411"/>
</kw>
<status status="FAIL" starttime="20220401 22:01:31.344" endtime="20220401 22:01:34.638">Execution terminated by signal</status>
</test>
<status status="FAIL" starttime="20220401 22:01:30.999" endtime="20220401 22:01:34.643"/>
</suite>
<status status="FAIL" starttime="20220401 22:01:30.951" endtime="20220401 22:01:34.648"/>
</suite>
<statistics>
<total>
<stat pass="0" fail="1" skip="0">All Tests</stat>
</total>
<tag>
</tag>
<suite>
<stat pass="0" fail="1" skip="0" id="s1" name="Atests">Atests</stat>
<stat pass="0" fail="1" skip="0" id="s1-s1" name="Test">Atests.Test</stat>
</suite>
</statistics>
<errors>
<msg timestamp="20220401 22:01:32.392" level="WARN">Keyword 'Capture Page Screenshot' could not be run on failure: Execution terminated by signal</msg>
</errors>
</robot>
