<?xml version="1.0" encoding="UTF-8"?>
<robot generator="Robot 5.0.dev1 (Python 3.7.0 on win32)" generated="20220403 20:40:51.326" rpa="false" schemaversion="2">
<suite id="s1" name="Robotframework-Seleniumhelper" source="E:\robotframework-seleniumhelper">
<suite id="s1-s1" name="Atests" source="E:\robotframework-seleniumhelper\atests">
<suite id="s1-s1-s1" name="Test" source="E:\robotframework-seleniumhelper\atests\test.robot">
<test id="s1-s1-s1-t1" name="Checkbox Test">
<kw name="Atest Test Setup" type="SETUP">
<kw name="Open Browser" library="SeleniumLibrary">
<arg>https://demoqa.com/automation-practice-form</arg>
<arg>Chrome</arg>
<doc>Opens a new browser instance to the given ``url``.</doc>
<msg timestamp="20220403 20:40:51.856" level="INFO">Opening browser 'Chrome' to base url 'https://demoqa.com/automation-practice-form'.</msg>
<status status="PASS" starttime="20220403 20:40:51.855" endtime="20220403 20:41:28.817"/>
</kw>
<kw name="Wait Until Page Contains With Retry" library="SeleniumHelperLibrary">
<arg>Student Registration Form</arg>
<kw name="Wait Until Page Contains" library="SeleniumLibrary">
<arg>Student Registration Form</arg>
<doc>Waits until ``text`` appears on the current page.</doc>
<status status="PASS" starttime="20220403 20:41:28.818" endtime="20220403 20:41:28.839"/>
</kw>
<status status="PASS" starttime="20220403 20:41:28.817" endtime="20220403 20:41:28.840"/>
</kw>
<status status="PASS" starttime="20220403 20:40:51.854" endtime="20220403 20:41:28.840"/>
</kw>
<kw name="Select Checkbox Item" library="SeleniumHelperLibrary">
<arg>xpath://div[./label[text()='Sports']]//input</arg>
<kw name="Scroll Element Into View" library="SeleniumLibrary">
<arg>xpath://div[./label[text()='Sports']]//input</arg>
<doc>Scrolls the element identified by ``locator`` into view.</doc>
<status status="PASS" starttime="20220403 20:41:28.862" endtime="20220403 20:41:29.138"/>
</kw>
<msg timestamp="20220403 20:41:29.138" level="INFO">Selecting checkbox 'xpath://div[./label[text()='Sports']]//input'.</msg>
<msg timestamp="20220403 20:41:30.536" level="INFO" html="true">&lt;/td&gt;&lt;/tr&gt;&lt;tr&gt;&lt;td colspan="3"&gt;&lt;a href="selenium-screenshot-3.png"&gt;&lt;img src="selenium-screenshot-3.png" width="800px"&gt;&lt;/a&gt;</msg>
<msg timestamp="20220403 20:41:30.536" level="FAIL">Message: element click intercepted: Element &lt;input type="checkbox" id="hobbies-checkbox-1" class="custom-control-input" value="1"&gt; is not clickable at point (406, 237). Other element would receive the click: &lt;label title="" for="hobbies-checkbox-1" class="custom-control-label"&gt;...&lt;/label&gt;
  (Session info: chrome=100.0.4896.60)
</msg>
<status status="FAIL" starttime="20220403 20:41:28.841" endtime="20220403 20:41:30.536"/>
</kw>
<kw name="Unselect Checkbox Item" library="SeleniumHelperLibrary">
<arg>xpath://div[./label[text()='Sports']]//input</arg>
<status status="NOT RUN" starttime="20220403 20:41:30.536" endtime="20220403 20:41:30.550"/>
</kw>
<kw name="Close All Browsers" library="SeleniumLibrary" type="TEARDOWN">
<doc>Closes all open browsers and resets the browser cache.</doc>
<status status="PASS" starttime="20220403 20:41:30.551" endtime="20220403 20:41:32.979"/>
</kw>
<status status="FAIL" starttime="20220403 20:40:51.844" endtime="20220403 20:41:32.980">Message: element click intercepted: Element &lt;input type="checkbox" id="hobbies-checkbox-1" class="custom-control-input" value="1"&gt; is not clickable at point (406, 237). Other element would receive the click: &lt;label title="" for="hobbies-checkbox-1" class="custom-control-label"&gt;...&lt;/label&gt;
  (Session info: chrome=100.0.4896.60)
</status>
</test>
<status status="FAIL" starttime="20220403 20:40:51.392" endtime="20220403 20:41:32.984"/>
</suite>
<status status="FAIL" starttime="20220403 20:40:51.385" endtime="20220403 20:41:32.992"/>
</suite>
<status status="FAIL" starttime="20220403 20:40:51.326" endtime="20220403 20:41:32.998"/>
</suite>
<statistics>
<total>
<stat pass="0" fail="1" skip="0">All Tests</stat>
</total>
<tag>
</tag>
<suite>
<stat pass="0" fail="1" skip="0" id="s1" name="Robotframework-Seleniumhelper">Robotframework-Seleniumhelper</stat>
<stat pass="0" fail="1" skip="0" id="s1-s1" name="Atests">Robotframework-Seleniumhelper.Atests</stat>
<stat pass="0" fail="1" skip="0" id="s1-s1-s1" name="Test">Robotframework-Seleniumhelper.Atests.Test</stat>
</suite>
</statistics>
<errors>
</errors>
</robot>
